<?xml version="1.0" encoding="UTF-8"?>
<coverage generated="1736436662018" clover="3.2.0">
  <project timestamp="1736436662018" name="All files">
    <metrics statements="260" coveredstatements="186" conditionals="118" coveredconditionals="75" methods="51" coveredmethods="43" elements="429" coveredelements="304" complexity="0" loc="260" ncloc="260" packages="1" files="1" classes="1"/>
    <file name="index.js" path="C:\Users\UTILISATEUR\application-gla-crypto\backend\index.js">
      <metrics statements="260" coveredstatements="186" conditionals="118" coveredconditionals="75" methods="51" coveredmethods="43"/>
      <line num="1" count="1" type="stmt"/>
      <line num="2" count="1" type="stmt"/>
      <line num="3" count="1" type="stmt"/>
      <line num="4" count="1" type="stmt"/>
      <line num="5" count="1" type="stmt"/>
      <line num="6" count="1" type="stmt"/>
      <line num="7" count="1" type="stmt"/>
      <line num="8" count="1" type="stmt"/>
      <line num="10" count="1" type="stmt"/>
      <line num="11" count="1" type="stmt"/>
      <line num="15" count="1" type="stmt"/>
      <line num="17" count="1" type="stmt"/>
      <line num="24" count="1" type="stmt"/>
      <line num="26" count="1" type="stmt"/>
      <line num="31" count="1" type="stmt"/>
      <line num="36" count="1" type="stmt"/>
      <line num="37" count="1" type="cond" truecount="1" falsecount="1"/>
      <line num="38" count="0" type="stmt"/>
      <line num="39" count="0" type="stmt"/>
      <line num="41" count="1" type="stmt"/>
      <line num="42" count="1" type="stmt"/>
      <line num="48" count="1" type="stmt"/>
      <line num="49" count="1" type="stmt"/>
      <line num="53" count="1" type="stmt"/>
      <line num="54" count="1" type="stmt"/>
      <line num="55" count="1" type="cond" truecount="1" falsecount="1"/>
      <line num="56" count="0" type="stmt"/>
      <line num="57" count="0" type="stmt"/>
      <line num="60" count="1" type="stmt"/>
      <line num="77" count="1" type="stmt"/>
      <line num="78" count="0" type="cond" truecount="0" falsecount="2"/>
      <line num="79" count="0" type="stmt"/>
      <line num="80" count="0" type="stmt"/>
      <line num="83" count="0" type="stmt"/>
      <line num="84" count="0" type="stmt"/>
      <line num="90" count="1" type="stmt"/>
      <line num="91" count="3" type="stmt"/>
      <line num="93" count="3" type="cond" truecount="2" falsecount="0"/>
      <line num="94" count="1" type="stmt"/>
      <line num="97" count="2" type="stmt"/>
      <line num="98" count="2" type="cond" truecount="1" falsecount="1"/>
      <line num="99" count="0" type="stmt"/>
      <line num="100" count="0" type="stmt"/>
      <line num="103" count="2" type="stmt"/>
      <line num="111" count="2" type="stmt"/>
      <line num="112" count="2" type="stmt"/>
      <line num="114" count="2" type="cond" truecount="1" falsecount="1"/>
      <line num="115" count="0" type="stmt"/>
      <line num="116" count="0" type="stmt"/>
      <line num="119" count="2" type="cond" truecount="2" falsecount="0"/>
      <line num="120" count="1" type="stmt"/>
      <line num="123" count="1" type="stmt"/>
      <line num="128" count="1" type="stmt"/>
      <line num="129" count="2" type="stmt"/>
      <line num="131" count="2" type="cond" truecount="2" falsecount="0"/>
      <line num="132" count="1" type="stmt"/>
      <line num="135" count="1" type="stmt"/>
      <line num="136" count="1" type="cond" truecount="1" falsecount="1"/>
      <line num="137" count="0" type="stmt"/>
      <line num="138" count="0" type="stmt"/>
      <line num="141" count="1" type="stmt"/>
      <line num="148" count="1" type="stmt"/>
      <line num="149" count="1" type="stmt"/>
      <line num="151" count="1" type="cond" truecount="1" falsecount="1"/>
      <line num="152" count="0" type="stmt"/>
      <line num="153" count="0" type="stmt"/>
      <line num="156" count="1" type="stmt"/>
      <line num="162" count="1" type="stmt"/>
      <line num="163" count="2" type="stmt"/>
      <line num="165" count="2" type="cond" truecount="5" falsecount="0"/>
      <line num="166" count="1" type="stmt"/>
      <line num="169" count="1" type="stmt"/>
      <line num="170" count="1" type="stmt"/>
      <line num="172" count="1" type="stmt"/>
      <line num="173" count="1" type="cond" truecount="1" falsecount="1"/>
      <line num="175" count="1" type="stmt"/>
      <line num="179" count="1" type="stmt"/>
      <line num="180" count="1" type="stmt"/>
      <line num="181" count="1" type="cond" truecount="1" falsecount="1"/>
      <line num="182" count="0" type="cond" truecount="0" falsecount="2"/>
      <line num="183" count="0" type="stmt"/>
      <line num="185" count="0" type="stmt"/>
      <line num="187" count="1" type="stmt"/>
      <line num="191" count="0" type="stmt"/>
      <line num="196" count="1" type="stmt"/>
      <line num="197" count="3" type="stmt"/>
      <line num="199" count="3" type="cond" truecount="4" falsecount="0"/>
      <line num="200" count="1" type="stmt"/>
      <line num="203" count="2" type="stmt"/>
      <line num="204" count="2" type="cond" truecount="1" falsecount="1"/>
      <line num="206" count="2" type="stmt"/>
      <line num="210" count="2" type="stmt"/>
      <line num="211" count="2" type="stmt"/>
      <line num="212" count="2" type="cond" truecount="4" falsecount="0"/>
      <line num="213" count="1" type="stmt"/>
      <line num="216" count="1" type="stmt"/>
      <line num="217" count="1" type="stmt"/>
      <line num="219" count="1" type="cond" truecount="1" falsecount="1"/>
      <line num="220" count="0" type="stmt"/>
      <line num="222" count="1" type="stmt"/>
      <line num="223" count="1" type="stmt"/>
      <line num="224" count="1" type="stmt"/>
      <line num="230" count="1" type="stmt"/>
      <line num="235" count="1" type="stmt"/>
      <line num="236" count="3" type="stmt"/>
      <line num="238" count="3" type="cond" truecount="2" falsecount="0"/>
      <line num="239" count="1" type="stmt"/>
      <line num="242" count="2" type="stmt"/>
      <line num="243" count="2" type="cond" truecount="2" falsecount="0"/>
      <line num="244" count="1" type="stmt"/>
      <line num="248" count="1" type="stmt"/>
      <line num="252" count="1" type="stmt"/>
      <line num="253" count="1" type="stmt"/>
      <line num="254" count="1" type="stmt"/>
      <line num="257" count="1" type="stmt"/>
      <line num="258" count="3" type="stmt"/>
      <line num="260" count="3" type="cond" truecount="2" falsecount="0"/>
      <line num="261" count="1" type="stmt"/>
      <line num="264" count="2" type="stmt"/>
      <line num="265" count="2" type="cond" truecount="1" falsecount="1"/>
      <line num="266" count="0" type="stmt"/>
      <line num="269" count="2" type="stmt"/>
      <line num="270" count="2" type="stmt"/>
      <line num="272" count="2" type="cond" truecount="2" falsecount="0"/>
      <line num="273" count="1" type="stmt"/>
      <line num="276" count="1" type="stmt"/>
      <line num="277" count="1" type="cond" truecount="1" falsecount="1"/>
      <line num="278" count="0" type="stmt"/>
      <line num="282" count="1" type="stmt"/>
      <line num="285" count="1" type="stmt"/>
      <line num="286" count="1" type="cond" truecount="3" falsecount="1"/>
      <line num="287" count="0" type="stmt"/>
      <line num="288" count="0" type="stmt"/>
      <line num="291" count="1" type="stmt"/>
      <line num="294" count="1" type="stmt"/>
      <line num="299" count="1" type="stmt"/>
      <line num="300" count="1" type="stmt"/>
      <line num="302" count="1" type="cond" truecount="1" falsecount="1"/>
      <line num="303" count="0" type="cond" truecount="0" falsecount="2"/>
      <line num="304" count="0" type="stmt"/>
      <line num="306" count="0" type="stmt"/>
      <line num="309" count="1" type="stmt"/>
      <line num="316" count="1" type="stmt"/>
      <line num="317" count="2" type="stmt"/>
      <line num="319" count="2" type="cond" truecount="2" falsecount="0"/>
      <line num="320" count="1" type="stmt"/>
      <line num="323" count="1" type="stmt"/>
      <line num="324" count="1" type="cond" truecount="1" falsecount="1"/>
      <line num="325" count="0" type="stmt"/>
      <line num="328" count="1" type="stmt"/>
      <line num="330" count="1" type="stmt"/>
      <line num="331" count="1" type="cond" truecount="1" falsecount="1"/>
      <line num="332" count="0" type="stmt"/>
      <line num="335" count="1" type="stmt"/>
      <line num="353" count="1" type="stmt"/>
      <line num="354" count="1" type="stmt"/>
      <line num="356" count="1" type="cond" truecount="1" falsecount="1"/>
      <line num="357" count="0" type="stmt"/>
      <line num="360" count="1" type="stmt"/>
      <line num="366" count="1" type="stmt"/>
      <line num="367" count="2" type="stmt"/>
      <line num="369" count="2" type="cond" truecount="2" falsecount="0"/>
      <line num="370" count="1" type="stmt"/>
      <line num="373" count="1" type="stmt"/>
      <line num="374" count="1" type="cond" truecount="1" falsecount="1"/>
      <line num="375" count="0" type="stmt"/>
      <line num="378" count="1" type="stmt"/>
      <line num="379" count="1" type="stmt"/>
      <line num="381" count="1" type="cond" truecount="1" falsecount="1"/>
      <line num="382" count="0" type="stmt"/>
      <line num="385" count="1" type="stmt"/>
      <line num="386" count="1" type="cond" truecount="1" falsecount="1"/>
      <line num="387" count="0" type="stmt"/>
      <line num="390" count="1" type="stmt"/>
      <line num="395" count="1" type="stmt"/>
      <line num="396" count="1" type="stmt"/>
      <line num="398" count="1" type="cond" truecount="1" falsecount="1"/>
      <line num="399" count="0" type="stmt"/>
      <line num="402" count="1" type="stmt"/>
      <line num="408" count="1" type="stmt"/>
      <line num="409" count="3" type="stmt"/>
      <line num="411" count="3" type="cond" truecount="2" falsecount="0"/>
      <line num="412" count="1" type="stmt"/>
      <line num="415" count="2" type="stmt"/>
      <line num="416" count="2" type="cond" truecount="1" falsecount="1"/>
      <line num="417" count="0" type="stmt"/>
      <line num="420" count="2" type="stmt"/>
      <line num="421" count="2" type="stmt"/>
      <line num="423" count="2" type="cond" truecount="5" falsecount="0"/>
      <line num="424" count="1" type="stmt"/>
      <line num="427" count="1" type="stmt"/>
      <line num="428" count="1" type="cond" truecount="1" falsecount="1"/>
      <line num="429" count="0" type="stmt"/>
      <line num="430" count="0" type="stmt"/>
      <line num="434" count="1" type="stmt"/>
      <line num="435" count="1" type="stmt"/>
      <line num="436" count="1" type="cond" truecount="3" falsecount="1"/>
      <line num="437" count="0" type="stmt"/>
      <line num="438" count="0" type="stmt"/>
      <line num="441" count="1" type="stmt"/>
      <line num="444" count="1" type="stmt"/>
      <line num="448" count="1" type="stmt"/>
      <line num="449" count="1" type="stmt"/>
      <line num="451" count="1" type="cond" truecount="1" falsecount="1"/>
      <line num="452" count="0" type="stmt"/>
      <line num="453" count="0" type="stmt"/>
      <line num="456" count="1" type="stmt"/>
      <line num="463" count="1" type="stmt"/>
      <line num="464" count="0" type="stmt"/>
      <line num="472" count="0" type="stmt"/>
      <line num="479" count="0" type="stmt"/>
      <line num="480" count="0" type="cond" truecount="0" falsecount="2"/>
      <line num="481" count="0" type="stmt"/>
      <line num="483" count="0" type="stmt"/>
      <line num="489" count="1" type="stmt"/>
      <line num="490" count="0" type="stmt"/>
      <line num="492" count="0" type="stmt"/>
      <line num="493" count="0" type="cond" truecount="0" falsecount="2"/>
      <line num="494" count="0" type="stmt"/>
      <line num="495" count="0" type="stmt"/>
      <line num="498" count="0" type="stmt"/>
      <line num="507" count="0" type="stmt"/>
      <line num="508" count="0" type="cond" truecount="0" falsecount="2"/>
      <line num="509" count="0" type="stmt"/>
      <line num="510" count="0" type="stmt"/>
      <line num="511" count="0" type="stmt"/>
      <line num="514" count="0" type="stmt"/>
      <line num="515" count="0" type="stmt"/>
      <line num="521" count="0" type="stmt"/>
      <line num="522" count="0" type="stmt"/>
      <line num="523" count="0" type="cond" truecount="0" falsecount="2"/>
      <line num="524" count="0" type="stmt"/>
      <line num="529" count="0" type="stmt"/>
      <line num="534" count="1" type="stmt"/>
      <line num="535" count="2" type="stmt"/>
      <line num="537" count="2" type="cond" truecount="2" falsecount="0"/>
      <line num="538" count="1" type="stmt"/>
      <line num="541" count="1" type="stmt"/>
      <line num="542" count="1" type="cond" truecount="1" falsecount="1"/>
      <line num="543" count="0" type="stmt"/>
      <line num="546" count="1" type="stmt"/>
      <line num="548" count="1" type="stmt"/>
      <line num="549" count="1" type="cond" truecount="1" falsecount="1"/>
      <line num="550" count="0" type="stmt"/>
      <line num="551" count="0" type="stmt"/>
      <line num="555" count="1" type="stmt"/>
      <line num="556" count="1" type="stmt"/>
      <line num="557" count="1" type="cond" truecount="3" falsecount="1"/>
      <line num="558" count="0" type="stmt"/>
      <line num="559" count="0" type="stmt"/>
      <line num="562" count="1" type="stmt"/>
      <line num="565" count="1" type="stmt"/>
      <line num="579" count="1" type="stmt"/>
      <line num="580" count="1" type="stmt"/>
      <line num="582" count="1" type="cond" truecount="1" falsecount="1"/>
      <line num="583" count="0" type="stmt"/>
      <line num="584" count="0" type="stmt"/>
      <line num="587" count="1" type="stmt"/>
      <line num="597" count="1" type="stmt"/>
      <line num="598" count="1" type="stmt"/>
    </file>
  </project>
</coverage>
