{"C:\\Users\\UTILISATEUR\\application-gla-crypto\\backend\\index.js": {"path":"C:\\Users\\UTILISATEUR\\application-gla-crypto\\backend\\index.js","statementMap":{"0":{"start":{"line":1,"column":16},"end":{"line":1,"column":34}},"1":{"start":{"line":2,"column":19},"end":{"line":2,"column":41}},"2":{"start":{"line":3,"column":13},"end":{"line":3,"column":28}},"3":{"start":{"line":4,"column":12},"end":{"line":4,"column":34}},"4":{"start":{"line":5,"column":15},"end":{"line":5,"column":32}},"5":{"start":{"line":6,"column":12},"end":{"line":6,"column":35}},"6":{"start":{"line":7,"column":21},"end":{"line":7,"column":45}},"7":{"start":{"line":8,"column":19},"end":{"line":8,"column":40}},"8":{"start":{"line":10,"column":12},"end":{"line":10,"column":21}},"9":{"start":{"line":11,"column":13},"end":{"line":11,"column":17}},"10":{"start":{"line":15,"column":0},"end":{"line":15,"column":21}},"11":{"start":{"line":17,"column":0},"end":{"line":23,"column":2}},"12":{"start":{"line":24,"column":0},"end":{"line":24,"column":24}},"13":{"start":{"line":26,"column":0},"end":{"line":26,"column":27}},"14":{"start":{"line":31,"column":17},"end":{"line":33,"column":1}},"15":{"start":{"line":36,"column":0},"end":{"line":43,"column":3}},"16":{"start":{"line":37,"column":4},"end":{"line":40,"column":5}},"17":{"start":{"line":38,"column":8},"end":{"line":38,"column":59}},"18":{"start":{"line":39,"column":8},"end":{"line":39,"column":15}},"19":{"start":{"line":41,"column":4},"end":{"line":41,"column":45}},"20":{"start":{"line":42,"column":4},"end":{"line":42,"column":17}},"21":{"start":{"line":48,"column":0},"end":{"line":50,"column":3}},"22":{"start":{"line":49,"column":4},"end":{"line":49,"column":48}},"23":{"start":{"line":53,"column":0},"end":{"line":87,"column":3}},"24":{"start":{"line":54,"column":4},"end":{"line":86,"column":7}},"25":{"start":{"line":55,"column":8},"end":{"line":58,"column":9}},"26":{"start":{"line":56,"column":12},"end":{"line":56,"column":63}},"27":{"start":{"line":57,"column":12},"end":{"line":57,"column":81}},"28":{"start":{"line":60,"column":22},"end":{"line":75,"column":9}},"29":{"start":{"line":77,"column":8},"end":{"line":85,"column":11}},"30":{"start":{"line":78,"column":12},"end":{"line":81,"column":13}},"31":{"start":{"line":79,"column":16},"end":{"line":79,"column":60}},"32":{"start":{"line":80,"column":16},"end":{"line":80,"column":78}},"33":{"start":{"line":83,"column":12},"end":{"line":83,"column":29}},"34":{"start":{"line":84,"column":12},"end":{"line":84,"column":25}},"35":{"start":{"line":90,"column":0},"end":{"line":126,"column":3}},"36":{"start":{"line":91,"column":25},"end":{"line":91,"column":35}},"37":{"start":{"line":93,"column":4},"end":{"line":95,"column":5}},"38":{"start":{"line":94,"column":8},"end":{"line":94,"column":68}},"39":{"start":{"line":97,"column":4},"end":{"line":125,"column":7}},"40":{"start":{"line":98,"column":8},"end":{"line":101,"column":9}},"41":{"start":{"line":99,"column":12},"end":{"line":99,"column":63}},"42":{"start":{"line":100,"column":12},"end":{"line":100,"column":81}},"43":{"start":{"line":103,"column":26},"end":{"line":109,"column":9}},"44":{"start":{"line":111,"column":8},"end":{"line":124,"column":11}},"45":{"start":{"line":112,"column":12},"end":{"line":112,"column":25}},"46":{"start":{"line":114,"column":12},"end":{"line":117,"column":13}},"47":{"start":{"line":115,"column":16},"end":{"line":115,"column":68}},"48":{"start":{"line":116,"column":16},"end":{"line":116,"column":86}},"49":{"start":{"line":119,"column":12},"end":{"line":121,"column":13}},"50":{"start":{"line":120,"column":16},"end":{"line":120,"column":75}},"51":{"start":{"line":123,"column":12},"end":{"line":123,"column":33}},"52":{"start":{"line":128,"column":0},"end":{"line":159,"column":3}},"53":{"start":{"line":129,"column":25},"end":{"line":129,"column":35}},"54":{"start":{"line":131,"column":4},"end":{"line":133,"column":5}},"55":{"start":{"line":132,"column":8},"end":{"line":132,"column":68}},"56":{"start":{"line":135,"column":4},"end":{"line":158,"column":7}},"57":{"start":{"line":136,"column":8},"end":{"line":139,"column":9}},"58":{"start":{"line":137,"column":12},"end":{"line":137,"column":63}},"59":{"start":{"line":138,"column":12},"end":{"line":138,"column":81}},"60":{"start":{"line":141,"column":26},"end":{"line":146,"column":9}},"61":{"start":{"line":148,"column":8},"end":{"line":157,"column":11}},"62":{"start":{"line":149,"column":12},"end":{"line":149,"column":25}},"63":{"start":{"line":151,"column":12},"end":{"line":154,"column":13}},"64":{"start":{"line":152,"column":16},"end":{"line":152,"column":65}},"65":{"start":{"line":153,"column":16},"end":{"line":153,"column":83}},"66":{"start":{"line":156,"column":12},"end":{"line":156,"column":33}},"67":{"start":{"line":162,"column":0},"end":{"line":193,"column":3}},"68":{"start":{"line":163,"column":42},"end":{"line":163,"column":50}},"69":{"start":{"line":165,"column":4},"end":{"line":167,"column":5}},"70":{"start":{"line":166,"column":8},"end":{"line":166,"column":94}},"71":{"start":{"line":169,"column":4},"end":{"line":192,"column":5}},"72":{"start":{"line":170,"column":31},"end":{"line":170,"column":62}},"73":{"start":{"line":172,"column":8},"end":{"line":189,"column":11}},"74":{"start":{"line":173,"column":12},"end":{"line":173,"column":91}},"75":{"start":{"line":173,"column":21},"end":{"line":173,"column":91}},"76":{"start":{"line":175,"column":26},"end":{"line":178,"column":13}},"77":{"start":{"line":179,"column":12},"end":{"line":188,"column":15}},"78":{"start":{"line":180,"column":16},"end":{"line":180,"column":29}},"79":{"start":{"line":181,"column":16},"end":{"line":186,"column":17}},"80":{"start":{"line":182,"column":20},"end":{"line":184,"column":21}},"81":{"start":{"line":183,"column":24},"end":{"line":183,"column":100}},"82":{"start":{"line":185,"column":20},"end":{"line":185,"column":87}},"83":{"start":{"line":187,"column":16},"end":{"line":187,"column":83}},"84":{"start":{"line":191,"column":8},"end":{"line":191,"column":66}},"85":{"start":{"line":196,"column":0},"end":{"line":233,"column":3}},"86":{"start":{"line":197,"column":37},"end":{"line":197,"column":45}},"87":{"start":{"line":199,"column":4},"end":{"line":201,"column":5}},"88":{"start":{"line":200,"column":8},"end":{"line":200,"column":88}},"89":{"start":{"line":203,"column":4},"end":{"line":232,"column":7}},"90":{"start":{"line":204,"column":8},"end":{"line":204,"column":87}},"91":{"start":{"line":204,"column":17},"end":{"line":204,"column":87}},"92":{"start":{"line":206,"column":22},"end":{"line":209,"column":9}},"93":{"start":{"line":210,"column":8},"end":{"line":231,"column":11}},"94":{"start":{"line":211,"column":12},"end":{"line":211,"column":25}},"95":{"start":{"line":212,"column":12},"end":{"line":214,"column":13}},"96":{"start":{"line":213,"column":16},"end":{"line":213,"column":94}},"97":{"start":{"line":216,"column":25},"end":{"line":216,"column":32}},"98":{"start":{"line":217,"column":36},"end":{"line":217,"column":85}},"99":{"start":{"line":219,"column":12},"end":{"line":221,"column":13}},"100":{"start":{"line":220,"column":16},"end":{"line":220,"column":94}},"101":{"start":{"line":222,"column":29},"end":{"line":222,"column":42}},"102":{"start":{"line":223,"column":26},"end":{"line":223,"column":87}},"103":{"start":{"line":224,"column":12},"end":{"line":228,"column":15}},"104":{"start":{"line":230,"column":12},"end":{"line":230,"column":88}},"105":{"start":{"line":235,"column":0},"end":{"line":250,"column":3}},"106":{"start":{"line":236,"column":18},"end":{"line":236,"column":35}},"107":{"start":{"line":238,"column":4},"end":{"line":240,"column":5}},"108":{"start":{"line":239,"column":8},"end":{"line":239,"column":63}},"109":{"start":{"line":242,"column":4},"end":{"line":249,"column":7}},"110":{"start":{"line":243,"column":8},"end":{"line":245,"column":9}},"111":{"start":{"line":244,"column":12},"end":{"line":244,"column":67}},"112":{"start":{"line":248,"column":8},"end":{"line":248,"column":84}},"113":{"start":{"line":252,"column":0},"end":{"line":255,"column":3}},"114":{"start":{"line":253,"column":4},"end":{"line":253,"column":29}},"115":{"start":{"line":254,"column":4},"end":{"line":254,"column":65}},"116":{"start":{"line":257,"column":0},"end":{"line":314,"column":3}},"117":{"start":{"line":258,"column":18},"end":{"line":258,"column":35}},"118":{"start":{"line":260,"column":4},"end":{"line":262,"column":5}},"119":{"start":{"line":261,"column":8},"end":{"line":261,"column":63}},"120":{"start":{"line":264,"column":4},"end":{"line":313,"column":7}},"121":{"start":{"line":265,"column":8},"end":{"line":267,"column":9}},"122":{"start":{"line":266,"column":12},"end":{"line":266,"column":67}},"123":{"start":{"line":269,"column":29},"end":{"line":269,"column":36}},"124":{"start":{"line":270,"column":29},"end":{"line":270,"column":37}},"125":{"start":{"line":272,"column":8},"end":{"line":274,"column":9}},"126":{"start":{"line":273,"column":12},"end":{"line":273,"column":76}},"127":{"start":{"line":276,"column":8},"end":{"line":312,"column":11}},"128":{"start":{"line":277,"column":12},"end":{"line":279,"column":13}},"129":{"start":{"line":278,"column":16},"end":{"line":278,"column":86}},"130":{"start":{"line":282,"column":35},"end":{"line":284,"column":13}},"131":{"start":{"line":285,"column":12},"end":{"line":311,"column":15}},"132":{"start":{"line":286,"column":16},"end":{"line":289,"column":17}},"133":{"start":{"line":287,"column":20},"end":{"line":287,"column":33}},"134":{"start":{"line":288,"column":20},"end":{"line":288,"column":89}},"135":{"start":{"line":291,"column":31},"end":{"line":291,"column":45}},"136":{"start":{"line":294,"column":36},"end":{"line":297,"column":17}},"137":{"start":{"line":299,"column":16},"end":{"line":310,"column":19}},"138":{"start":{"line":300,"column":20},"end":{"line":300,"column":33}},"139":{"start":{"line":302,"column":20},"end":{"line":307,"column":21}},"140":{"start":{"line":303,"column":24},"end":{"line":305,"column":25}},"141":{"start":{"line":304,"column":28},"end":{"line":304,"column":99}},"142":{"start":{"line":306,"column":24},"end":{"line":306,"column":94}},"143":{"start":{"line":309,"column":20},"end":{"line":309,"column":77}},"144":{"start":{"line":316,"column":0},"end":{"line":364,"column":3}},"145":{"start":{"line":317,"column":18},"end":{"line":317,"column":35}},"146":{"start":{"line":319,"column":4},"end":{"line":321,"column":5}},"147":{"start":{"line":320,"column":8},"end":{"line":320,"column":63}},"148":{"start":{"line":323,"column":4},"end":{"line":363,"column":7}},"149":{"start":{"line":324,"column":8},"end":{"line":326,"column":9}},"150":{"start":{"line":325,"column":12},"end":{"line":325,"column":67}},"151":{"start":{"line":328,"column":29},"end":{"line":328,"column":36}},"152":{"start":{"line":330,"column":8},"end":{"line":362,"column":11}},"153":{"start":{"line":331,"column":12},"end":{"line":333,"column":13}},"154":{"start":{"line":332,"column":16},"end":{"line":332,"column":86}},"155":{"start":{"line":335,"column":26},"end":{"line":351,"column":13}},"156":{"start":{"line":353,"column":12},"end":{"line":361,"column":15}},"157":{"start":{"line":354,"column":16},"end":{"line":354,"column":29}},"158":{"start":{"line":356,"column":16},"end":{"line":358,"column":17}},"159":{"start":{"line":357,"column":20},"end":{"line":357,"column":89}},"160":{"start":{"line":360,"column":16},"end":{"line":360,"column":33}},"161":{"start":{"line":366,"column":0},"end":{"line":406,"column":3}},"162":{"start":{"line":367,"column":18},"end":{"line":367,"column":35}},"163":{"start":{"line":369,"column":4},"end":{"line":371,"column":5}},"164":{"start":{"line":370,"column":8},"end":{"line":370,"column":63}},"165":{"start":{"line":373,"column":4},"end":{"line":405,"column":7}},"166":{"start":{"line":374,"column":8},"end":{"line":376,"column":9}},"167":{"start":{"line":375,"column":12},"end":{"line":375,"column":67}},"168":{"start":{"line":378,"column":29},"end":{"line":378,"column":36}},"169":{"start":{"line":379,"column":29},"end":{"line":379,"column":39}},"170":{"start":{"line":381,"column":8},"end":{"line":383,"column":9}},"171":{"start":{"line":382,"column":12},"end":{"line":382,"column":76}},"172":{"start":{"line":385,"column":8},"end":{"line":404,"column":11}},"173":{"start":{"line":386,"column":12},"end":{"line":388,"column":13}},"174":{"start":{"line":387,"column":16},"end":{"line":387,"column":86}},"175":{"start":{"line":390,"column":26},"end":{"line":393,"column":13}},"176":{"start":{"line":395,"column":12},"end":{"line":403,"column":15}},"177":{"start":{"line":396,"column":16},"end":{"line":396,"column":29}},"178":{"start":{"line":398,"column":16},"end":{"line":400,"column":17}},"179":{"start":{"line":399,"column":20},"end":{"line":399,"column":95}},"180":{"start":{"line":402,"column":16},"end":{"line":402,"column":77}},"181":{"start":{"line":408,"column":0},"end":{"line":461,"column":3}},"182":{"start":{"line":409,"column":18},"end":{"line":409,"column":35}},"183":{"start":{"line":411,"column":4},"end":{"line":413,"column":5}},"184":{"start":{"line":412,"column":8},"end":{"line":412,"column":63}},"185":{"start":{"line":415,"column":4},"end":{"line":460,"column":7}},"186":{"start":{"line":416,"column":8},"end":{"line":418,"column":9}},"187":{"start":{"line":417,"column":12},"end":{"line":417,"column":67}},"188":{"start":{"line":420,"column":29},"end":{"line":420,"column":36}},"189":{"start":{"line":421,"column":42},"end":{"line":421,"column":50}},"190":{"start":{"line":423,"column":8},"end":{"line":425,"column":9}},"191":{"start":{"line":424,"column":12},"end":{"line":424,"column":101}},"192":{"start":{"line":427,"column":8},"end":{"line":459,"column":11}},"193":{"start":{"line":428,"column":12},"end":{"line":431,"column":13}},"194":{"start":{"line":429,"column":16},"end":{"line":429,"column":66}},"195":{"start":{"line":430,"column":16},"end":{"line":430,"column":86}},"196":{"start":{"line":434,"column":35},"end":{"line":434,"column":80}},"197":{"start":{"line":435,"column":12},"end":{"line":458,"column":15}},"198":{"start":{"line":436,"column":16},"end":{"line":439,"column":17}},"199":{"start":{"line":437,"column":20},"end":{"line":437,"column":33}},"200":{"start":{"line":438,"column":20},"end":{"line":438,"column":89}},"201":{"start":{"line":441,"column":31},"end":{"line":441,"column":45}},"202":{"start":{"line":444,"column":36},"end":{"line":447,"column":17}},"203":{"start":{"line":448,"column":16},"end":{"line":457,"column":19}},"204":{"start":{"line":449,"column":20},"end":{"line":449,"column":33}},"205":{"start":{"line":451,"column":20},"end":{"line":454,"column":21}},"206":{"start":{"line":452,"column":24},"end":{"line":452,"column":69}},"207":{"start":{"line":453,"column":24},"end":{"line":453,"column":90}},"208":{"start":{"line":456,"column":20},"end":{"line":456,"column":85}},"209":{"start":{"line":463,"column":18},"end":{"line":486,"column":1}},"210":{"start":{"line":464,"column":24},"end":{"line":470,"column":6}},"211":{"start":{"line":472,"column":24},"end":{"line":477,"column":5}},"212":{"start":{"line":479,"column":4},"end":{"line":485,"column":7}},"213":{"start":{"line":480,"column":8},"end":{"line":484,"column":9}},"214":{"start":{"line":481,"column":12},"end":{"line":481,"column":56}},"215":{"start":{"line":483,"column":12},"end":{"line":483,"column":55}},"216":{"start":{"line":489,"column":0},"end":{"line":532,"column":10}},"217":{"start":{"line":490,"column":4},"end":{"line":490,"column":44}},"218":{"start":{"line":492,"column":4},"end":{"line":531,"column":7}},"219":{"start":{"line":493,"column":8},"end":{"line":496,"column":9}},"220":{"start":{"line":494,"column":12},"end":{"line":494,"column":63}},"221":{"start":{"line":495,"column":12},"end":{"line":495,"column":19}},"222":{"start":{"line":498,"column":22},"end":{"line":505,"column":9}},"223":{"start":{"line":507,"column":8},"end":{"line":530,"column":11}},"224":{"start":{"line":508,"column":12},"end":{"line":512,"column":13}},"225":{"start":{"line":509,"column":16},"end":{"line":509,"column":29}},"226":{"start":{"line":510,"column":16},"end":{"line":510,"column":62}},"227":{"start":{"line":511,"column":16},"end":{"line":511,"column":23}},"228":{"start":{"line":514,"column":12},"end":{"line":527,"column":15}},"229":{"start":{"line":515,"column":16},"end":{"line":519,"column":18}},"230":{"start":{"line":521,"column":36},"end":{"line":521,"column":94}},"231":{"start":{"line":522,"column":16},"end":{"line":526,"column":19}},"232":{"start":{"line":523,"column":20},"end":{"line":525,"column":21}},"233":{"start":{"line":524,"column":24},"end":{"line":524,"column":78}},"234":{"start":{"line":529,"column":12},"end":{"line":529,"column":25}},"235":{"start":{"line":534,"column":0},"end":{"line":592,"column":3}},"236":{"start":{"line":535,"column":18},"end":{"line":535,"column":35}},"237":{"start":{"line":537,"column":4},"end":{"line":539,"column":5}},"238":{"start":{"line":538,"column":8},"end":{"line":538,"column":63}},"239":{"start":{"line":541,"column":4},"end":{"line":591,"column":7}},"240":{"start":{"line":542,"column":8},"end":{"line":544,"column":9}},"241":{"start":{"line":543,"column":12},"end":{"line":543,"column":67}},"242":{"start":{"line":546,"column":29},"end":{"line":546,"column":36}},"243":{"start":{"line":548,"column":8},"end":{"line":590,"column":11}},"244":{"start":{"line":549,"column":12},"end":{"line":552,"column":13}},"245":{"start":{"line":550,"column":16},"end":{"line":550,"column":66}},"246":{"start":{"line":551,"column":16},"end":{"line":551,"column":86}},"247":{"start":{"line":555,"column":35},"end":{"line":555,"column":80}},"248":{"start":{"line":556,"column":12},"end":{"line":589,"column":15}},"249":{"start":{"line":557,"column":16},"end":{"line":560,"column":17}},"250":{"start":{"line":558,"column":20},"end":{"line":558,"column":33}},"251":{"start":{"line":559,"column":20},"end":{"line":559,"column":89}},"252":{"start":{"line":562,"column":31},"end":{"line":562,"column":45}},"253":{"start":{"line":565,"column":30},"end":{"line":577,"column":17}},"254":{"start":{"line":579,"column":16},"end":{"line":588,"column":19}},"255":{"start":{"line":580,"column":20},"end":{"line":580,"column":33}},"256":{"start":{"line":582,"column":20},"end":{"line":585,"column":21}},"257":{"start":{"line":583,"column":24},"end":{"line":583,"column":69}},"258":{"start":{"line":584,"column":24},"end":{"line":584,"column":90}},"259":{"start":{"line":587,"column":20},"end":{"line":587,"column":38}},"260":{"start":{"line":597,"column":0},"end":{"line":599,"column":3}},"261":{"start":{"line":598,"column":4},"end":{"line":598,"column":65}}},"fnMap":{"0":{"name":"(anonymous_0)","decl":{"start":{"line":36,"column":36},"end":{"line":36,"column":37}},"loc":{"start":{"line":36,"column":51},"end":{"line":43,"column":1}},"line":36},"1":{"name":"(anonymous_1)","decl":{"start":{"line":48,"column":13},"end":{"line":48,"column":14}},"loc":{"start":{"line":48,"column":27},"end":{"line":50,"column":1}},"line":48},"2":{"name":"(anonymous_2)","decl":{"start":{"line":53,"column":20},"end":{"line":53,"column":21}},"loc":{"start":{"line":53,"column":34},"end":{"line":87,"column":1}},"line":53},"3":{"name":"(anonymous_3)","decl":{"start":{"line":54,"column":40},"end":{"line":54,"column":41}},"loc":{"start":{"line":54,"column":55},"end":{"line":86,"column":5}},"line":54},"4":{"name":"(anonymous_4)","decl":{"start":{"line":77,"column":26},"end":{"line":77,"column":27}},"loc":{"start":{"line":77,"column":43},"end":{"line":85,"column":9}},"line":77},"5":{"name":"(anonymous_5)","decl":{"start":{"line":90,"column":29},"end":{"line":90,"column":30}},"loc":{"start":{"line":90,"column":43},"end":{"line":126,"column":1}},"line":90},"6":{"name":"(anonymous_6)","decl":{"start":{"line":97,"column":40},"end":{"line":97,"column":41}},"loc":{"start":{"line":97,"column":55},"end":{"line":125,"column":5}},"line":97},"7":{"name":"(anonymous_7)","decl":{"start":{"line":111,"column":42},"end":{"line":111,"column":43}},"loc":{"start":{"line":111,"column":63},"end":{"line":124,"column":9}},"line":111},"8":{"name":"(anonymous_8)","decl":{"start":{"line":128,"column":34},"end":{"line":128,"column":35}},"loc":{"start":{"line":128,"column":48},"end":{"line":159,"column":1}},"line":128},"9":{"name":"(anonymous_9)","decl":{"start":{"line":135,"column":40},"end":{"line":135,"column":41}},"loc":{"start":{"line":135,"column":55},"end":{"line":158,"column":5}},"line":135},"10":{"name":"(anonymous_10)","decl":{"start":{"line":148,"column":42},"end":{"line":148,"column":43}},"loc":{"start":{"line":148,"column":63},"end":{"line":157,"column":9}},"line":148},"11":{"name":"(anonymous_11)","decl":{"start":{"line":162,"column":20},"end":{"line":162,"column":21}},"loc":{"start":{"line":162,"column":40},"end":{"line":193,"column":1}},"line":162},"12":{"name":"(anonymous_12)","decl":{"start":{"line":172,"column":44},"end":{"line":172,"column":45}},"loc":{"start":{"line":172,"column":59},"end":{"line":189,"column":9}},"line":172},"13":{"name":"(anonymous_13)","decl":{"start":{"line":179,"column":65},"end":{"line":179,"column":66}},"loc":{"start":{"line":179,"column":74},"end":{"line":188,"column":13}},"line":179},"14":{"name":"(anonymous_14)","decl":{"start":{"line":196,"column":19},"end":{"line":196,"column":20}},"loc":{"start":{"line":196,"column":39},"end":{"line":233,"column":1}},"line":196},"15":{"name":"(anonymous_15)","decl":{"start":{"line":203,"column":40},"end":{"line":203,"column":41}},"loc":{"start":{"line":203,"column":55},"end":{"line":232,"column":5}},"line":203},"16":{"name":"(anonymous_16)","decl":{"start":{"line":210,"column":52},"end":{"line":210,"column":53}},"loc":{"start":{"line":210,"column":73},"end":{"line":231,"column":9}},"line":210},"17":{"name":"(anonymous_17)","decl":{"start":{"line":235,"column":18},"end":{"line":235,"column":19}},"loc":{"start":{"line":235,"column":32},"end":{"line":250,"column":1}},"line":235},"18":{"name":"(anonymous_18)","decl":{"start":{"line":242,"column":40},"end":{"line":242,"column":41}},"loc":{"start":{"line":242,"column":58},"end":{"line":249,"column":5}},"line":242},"19":{"name":"(anonymous_19)","decl":{"start":{"line":252,"column":20},"end":{"line":252,"column":21}},"loc":{"start":{"line":252,"column":34},"end":{"line":255,"column":1}},"line":252},"20":{"name":"(anonymous_20)","decl":{"start":{"line":257,"column":23},"end":{"line":257,"column":24}},"loc":{"start":{"line":257,"column":37},"end":{"line":314,"column":1}},"line":257},"21":{"name":"(anonymous_21)","decl":{"start":{"line":264,"column":40},"end":{"line":264,"column":41}},"loc":{"start":{"line":264,"column":58},"end":{"line":313,"column":5}},"line":264},"22":{"name":"(anonymous_22)","decl":{"start":{"line":276,"column":44},"end":{"line":276,"column":45}},"loc":{"start":{"line":276,"column":59},"end":{"line":312,"column":9}},"line":276},"23":{"name":"(anonymous_23)","decl":{"start":{"line":285,"column":51},"end":{"line":285,"column":52}},"loc":{"start":{"line":285,"column":66},"end":{"line":311,"column":13}},"line":285},"24":{"name":"(anonymous_24)","decl":{"start":{"line":299,"column":70},"end":{"line":299,"column":71}},"loc":{"start":{"line":299,"column":79},"end":{"line":310,"column":17}},"line":299},"25":{"name":"(anonymous_25)","decl":{"start":{"line":316,"column":22},"end":{"line":316,"column":23}},"loc":{"start":{"line":316,"column":36},"end":{"line":364,"column":1}},"line":316},"26":{"name":"(anonymous_26)","decl":{"start":{"line":323,"column":40},"end":{"line":323,"column":41}},"loc":{"start":{"line":323,"column":58},"end":{"line":363,"column":5}},"line":323},"27":{"name":"(anonymous_27)","decl":{"start":{"line":330,"column":44},"end":{"line":330,"column":45}},"loc":{"start":{"line":330,"column":59},"end":{"line":362,"column":9}},"line":330},"28":{"name":"(anonymous_28)","decl":{"start":{"line":353,"column":42},"end":{"line":353,"column":43}},"loc":{"start":{"line":353,"column":59},"end":{"line":361,"column":13}},"line":353},"29":{"name":"(anonymous_29)","decl":{"start":{"line":366,"column":35},"end":{"line":366,"column":36}},"loc":{"start":{"line":366,"column":49},"end":{"line":406,"column":1}},"line":366},"30":{"name":"(anonymous_30)","decl":{"start":{"line":373,"column":40},"end":{"line":373,"column":41}},"loc":{"start":{"line":373,"column":58},"end":{"line":405,"column":5}},"line":373},"31":{"name":"(anonymous_31)","decl":{"start":{"line":385,"column":44},"end":{"line":385,"column":45}},"loc":{"start":{"line":385,"column":59},"end":{"line":404,"column":9}},"line":385},"32":{"name":"(anonymous_32)","decl":{"start":{"line":395,"column":52},"end":{"line":395,"column":53}},"loc":{"start":{"line":395,"column":61},"end":{"line":403,"column":13}},"line":395},"33":{"name":"(anonymous_33)","decl":{"start":{"line":408,"column":20},"end":{"line":408,"column":21}},"loc":{"start":{"line":408,"column":34},"end":{"line":461,"column":1}},"line":408},"34":{"name":"(anonymous_34)","decl":{"start":{"line":415,"column":40},"end":{"line":415,"column":41}},"loc":{"start":{"line":415,"column":58},"end":{"line":460,"column":5}},"line":415},"35":{"name":"(anonymous_35)","decl":{"start":{"line":427,"column":44},"end":{"line":427,"column":45}},"loc":{"start":{"line":427,"column":59},"end":{"line":459,"column":9}},"line":427},"36":{"name":"(anonymous_36)","decl":{"start":{"line":435,"column":51},"end":{"line":435,"column":52}},"loc":{"start":{"line":435,"column":66},"end":{"line":458,"column":13}},"line":435},"37":{"name":"(anonymous_37)","decl":{"start":{"line":448,"column":73},"end":{"line":448,"column":74}},"loc":{"start":{"line":448,"column":82},"end":{"line":457,"column":17}},"line":448},"38":{"name":"(anonymous_38)","decl":{"start":{"line":463,"column":18},"end":{"line":463,"column":19}},"loc":{"start":{"line":463,"column":41},"end":{"line":486,"column":1}},"line":463},"39":{"name":"(anonymous_39)","decl":{"start":{"line":479,"column":38},"end":{"line":479,"column":39}},"loc":{"start":{"line":479,"column":53},"end":{"line":485,"column":5}},"line":479},"40":{"name":"(anonymous_40)","decl":{"start":{"line":489,"column":12},"end":{"line":489,"column":13}},"loc":{"start":{"line":489,"column":18},"end":{"line":532,"column":1}},"line":489},"41":{"name":"(anonymous_41)","decl":{"start":{"line":492,"column":40},"end":{"line":492,"column":41}},"loc":{"start":{"line":492,"column":55},"end":{"line":531,"column":5}},"line":492},"42":{"name":"(anonymous_42)","decl":{"start":{"line":507,"column":26},"end":{"line":507,"column":27}},"loc":{"start":{"line":507,"column":43},"end":{"line":530,"column":9}},"line":507},"43":{"name":"(anonymous_43)","decl":{"start":{"line":514,"column":27},"end":{"line":514,"column":28}},"loc":{"start":{"line":514,"column":36},"end":{"line":527,"column":13}},"line":514},"44":{"name":"(anonymous_44)","decl":{"start":{"line":522,"column":57},"end":{"line":522,"column":58}},"loc":{"start":{"line":522,"column":66},"end":{"line":526,"column":17}},"line":522},"45":{"name":"(anonymous_45)","decl":{"start":{"line":534,"column":19},"end":{"line":534,"column":20}},"loc":{"start":{"line":534,"column":33},"end":{"line":592,"column":1}},"line":534},"46":{"name":"(anonymous_46)","decl":{"start":{"line":541,"column":40},"end":{"line":541,"column":41}},"loc":{"start":{"line":541,"column":58},"end":{"line":591,"column":5}},"line":541},"47":{"name":"(anonymous_47)","decl":{"start":{"line":548,"column":44},"end":{"line":548,"column":45}},"loc":{"start":{"line":548,"column":59},"end":{"line":590,"column":9}},"line":548},"48":{"name":"(anonymous_48)","decl":{"start":{"line":556,"column":51},"end":{"line":556,"column":52}},"loc":{"start":{"line":556,"column":66},"end":{"line":589,"column":13}},"line":556},"49":{"name":"(anonymous_49)","decl":{"start":{"line":579,"column":44},"end":{"line":579,"column":45}},"loc":{"start":{"line":579,"column":62},"end":{"line":588,"column":17}},"line":579},"50":{"name":"(anonymous_50)","decl":{"start":{"line":597,"column":17},"end":{"line":597,"column":18}},"loc":{"start":{"line":597,"column":23},"end":{"line":599,"column":1}},"line":597}},"branchMap":{"0":{"loc":{"start":{"line":37,"column":4},"end":{"line":40,"column":5}},"type":"if","locations":[{"start":{"line":37,"column":4},"end":{"line":40,"column":5}},{"start":{},"end":{}}],"line":37},"1":{"loc":{"start":{"line":55,"column":8},"end":{"line":58,"column":9}},"type":"if","locations":[{"start":{"line":55,"column":8},"end":{"line":58,"column":9}},{"start":{},"end":{}}],"line":55},"2":{"loc":{"start":{"line":78,"column":12},"end":{"line":81,"column":13}},"type":"if","locations":[{"start":{"line":78,"column":12},"end":{"line":81,"column":13}},{"start":{},"end":{}}],"line":78},"3":{"loc":{"start":{"line":93,"column":4},"end":{"line":95,"column":5}},"type":"if","locations":[{"start":{"line":93,"column":4},"end":{"line":95,"column":5}},{"start":{},"end":{}}],"line":93},"4":{"loc":{"start":{"line":98,"column":8},"end":{"line":101,"column":9}},"type":"if","locations":[{"start":{"line":98,"column":8},"end":{"line":101,"column":9}},{"start":{},"end":{}}],"line":98},"5":{"loc":{"start":{"line":114,"column":12},"end":{"line":117,"column":13}},"type":"if","locations":[{"start":{"line":114,"column":12},"end":{"line":117,"column":13}},{"start":{},"end":{}}],"line":114},"6":{"loc":{"start":{"line":119,"column":12},"end":{"line":121,"column":13}},"type":"if","locations":[{"start":{"line":119,"column":12},"end":{"line":121,"column":13}},{"start":{},"end":{}}],"line":119},"7":{"loc":{"start":{"line":131,"column":4},"end":{"line":133,"column":5}},"type":"if","locations":[{"start":{"line":131,"column":4},"end":{"line":133,"column":5}},{"start":{},"end":{}}],"line":131},"8":{"loc":{"start":{"line":136,"column":8},"end":{"line":139,"column":9}},"type":"if","locations":[{"start":{"line":136,"column":8},"end":{"line":139,"column":9}},{"start":{},"end":{}}],"line":136},"9":{"loc":{"start":{"line":151,"column":12},"end":{"line":154,"column":13}},"type":"if","locations":[{"start":{"line":151,"column":12},"end":{"line":154,"column":13}},{"start":{},"end":{}}],"line":151},"10":{"loc":{"start":{"line":165,"column":4},"end":{"line":167,"column":5}},"type":"if","locations":[{"start":{"line":165,"column":4},"end":{"line":167,"column":5}},{"start":{},"end":{}}],"line":165},"11":{"loc":{"start":{"line":165,"column":8},"end":{"line":165,"column":40}},"type":"binary-expr","locations":[{"start":{"line":165,"column":8},"end":{"line":165,"column":17}},{"start":{"line":165,"column":21},"end":{"line":165,"column":30}},{"start":{"line":165,"column":34},"end":{"line":165,"column":40}}],"line":165},"12":{"loc":{"start":{"line":173,"column":12},"end":{"line":173,"column":91}},"type":"if","locations":[{"start":{"line":173,"column":12},"end":{"line":173,"column":91}},{"start":{},"end":{}}],"line":173},"13":{"loc":{"start":{"line":181,"column":16},"end":{"line":186,"column":17}},"type":"if","locations":[{"start":{"line":181,"column":16},"end":{"line":186,"column":17}},{"start":{},"end":{}}],"line":181},"14":{"loc":{"start":{"line":182,"column":20},"end":{"line":184,"column":21}},"type":"if","locations":[{"start":{"line":182,"column":20},"end":{"line":184,"column":21}},{"start":{},"end":{}}],"line":182},"15":{"loc":{"start":{"line":199,"column":4},"end":{"line":201,"column":5}},"type":"if","locations":[{"start":{"line":199,"column":4},"end":{"line":201,"column":5}},{"start":{},"end":{}}],"line":199},"16":{"loc":{"start":{"line":199,"column":8},"end":{"line":199,"column":32}},"type":"binary-expr","locations":[{"start":{"line":199,"column":8},"end":{"line":199,"column":19}},{"start":{"line":199,"column":23},"end":{"line":199,"column":32}}],"line":199},"17":{"loc":{"start":{"line":204,"column":8},"end":{"line":204,"column":87}},"type":"if","locations":[{"start":{"line":204,"column":8},"end":{"line":204,"column":87}},{"start":{},"end":{}}],"line":204},"18":{"loc":{"start":{"line":212,"column":12},"end":{"line":214,"column":13}},"type":"if","locations":[{"start":{"line":212,"column":12},"end":{"line":214,"column":13}},{"start":{},"end":{}}],"line":212},"19":{"loc":{"start":{"line":212,"column":16},"end":{"line":212,"column":40}},"type":"binary-expr","locations":[{"start":{"line":212,"column":16},"end":{"line":212,"column":19}},{"start":{"line":212,"column":23},"end":{"line":212,"column":40}}],"line":212},"20":{"loc":{"start":{"line":219,"column":12},"end":{"line":221,"column":13}},"type":"if","locations":[{"start":{"line":219,"column":12},"end":{"line":221,"column":13}},{"start":{},"end":{}}],"line":219},"21":{"loc":{"start":{"line":238,"column":4},"end":{"line":240,"column":5}},"type":"if","locations":[{"start":{"line":238,"column":4},"end":{"line":240,"column":5}},{"start":{},"end":{}}],"line":238},"22":{"loc":{"start":{"line":243,"column":8},"end":{"line":245,"column":9}},"type":"if","locations":[{"start":{"line":243,"column":8},"end":{"line":245,"column":9}},{"start":{},"end":{}}],"line":243},"23":{"loc":{"start":{"line":260,"column":4},"end":{"line":262,"column":5}},"type":"if","locations":[{"start":{"line":260,"column":4},"end":{"line":262,"column":5}},{"start":{},"end":{}}],"line":260},"24":{"loc":{"start":{"line":265,"column":8},"end":{"line":267,"column":9}},"type":"if","locations":[{"start":{"line":265,"column":8},"end":{"line":267,"column":9}},{"start":{},"end":{}}],"line":265},"25":{"loc":{"start":{"line":272,"column":8},"end":{"line":274,"column":9}},"type":"if","locations":[{"start":{"line":272,"column":8},"end":{"line":274,"column":9}},{"start":{},"end":{}}],"line":272},"26":{"loc":{"start":{"line":277,"column":12},"end":{"line":279,"column":13}},"type":"if","locations":[{"start":{"line":277,"column":12},"end":{"line":279,"column":13}},{"start":{},"end":{}}],"line":277},"27":{"loc":{"start":{"line":286,"column":16},"end":{"line":289,"column":17}},"type":"if","locations":[{"start":{"line":286,"column":16},"end":{"line":289,"column":17}},{"start":{},"end":{}}],"line":286},"28":{"loc":{"start":{"line":286,"column":20},"end":{"line":286,"column":44}},"type":"binary-expr","locations":[{"start":{"line":286,"column":20},"end":{"line":286,"column":23}},{"start":{"line":286,"column":27},"end":{"line":286,"column":44}}],"line":286},"29":{"loc":{"start":{"line":302,"column":20},"end":{"line":307,"column":21}},"type":"if","locations":[{"start":{"line":302,"column":20},"end":{"line":307,"column":21}},{"start":{},"end":{}}],"line":302},"30":{"loc":{"start":{"line":303,"column":24},"end":{"line":305,"column":25}},"type":"if","locations":[{"start":{"line":303,"column":24},"end":{"line":305,"column":25}},{"start":{},"end":{}}],"line":303},"31":{"loc":{"start":{"line":319,"column":4},"end":{"line":321,"column":5}},"type":"if","locations":[{"start":{"line":319,"column":4},"end":{"line":321,"column":5}},{"start":{},"end":{}}],"line":319},"32":{"loc":{"start":{"line":324,"column":8},"end":{"line":326,"column":9}},"type":"if","locations":[{"start":{"line":324,"column":8},"end":{"line":326,"column":9}},{"start":{},"end":{}}],"line":324},"33":{"loc":{"start":{"line":331,"column":12},"end":{"line":333,"column":13}},"type":"if","locations":[{"start":{"line":331,"column":12},"end":{"line":333,"column":13}},{"start":{},"end":{}}],"line":331},"34":{"loc":{"start":{"line":356,"column":16},"end":{"line":358,"column":17}},"type":"if","locations":[{"start":{"line":356,"column":16},"end":{"line":358,"column":17}},{"start":{},"end":{}}],"line":356},"35":{"loc":{"start":{"line":369,"column":4},"end":{"line":371,"column":5}},"type":"if","locations":[{"start":{"line":369,"column":4},"end":{"line":371,"column":5}},{"start":{},"end":{}}],"line":369},"36":{"loc":{"start":{"line":374,"column":8},"end":{"line":376,"column":9}},"type":"if","locations":[{"start":{"line":374,"column":8},"end":{"line":376,"column":9}},{"start":{},"end":{}}],"line":374},"37":{"loc":{"start":{"line":381,"column":8},"end":{"line":383,"column":9}},"type":"if","locations":[{"start":{"line":381,"column":8},"end":{"line":383,"column":9}},{"start":{},"end":{}}],"line":381},"38":{"loc":{"start":{"line":386,"column":12},"end":{"line":388,"column":13}},"type":"if","locations":[{"start":{"line":386,"column":12},"end":{"line":388,"column":13}},{"start":{},"end":{}}],"line":386},"39":{"loc":{"start":{"line":398,"column":16},"end":{"line":400,"column":17}},"type":"if","locations":[{"start":{"line":398,"column":16},"end":{"line":400,"column":17}},{"start":{},"end":{}}],"line":398},"40":{"loc":{"start":{"line":411,"column":4},"end":{"line":413,"column":5}},"type":"if","locations":[{"start":{"line":411,"column":4},"end":{"line":413,"column":5}},{"start":{},"end":{}}],"line":411},"41":{"loc":{"start":{"line":416,"column":8},"end":{"line":418,"column":9}},"type":"if","locations":[{"start":{"line":416,"column":8},"end":{"line":418,"column":9}},{"start":{},"end":{}}],"line":416},"42":{"loc":{"start":{"line":423,"column":8},"end":{"line":425,"column":9}},"type":"if","locations":[{"start":{"line":423,"column":8},"end":{"line":425,"column":9}},{"start":{},"end":{}}],"line":423},"43":{"loc":{"start":{"line":423,"column":12},"end":{"line":423,"column":74}},"type":"binary-expr","locations":[{"start":{"line":423,"column":12},"end":{"line":423,"column":21}},{"start":{"line":423,"column":25},"end":{"line":423,"column":54}},{"start":{"line":423,"column":58},"end":{"line":423,"column":74}}],"line":423},"44":{"loc":{"start":{"line":428,"column":12},"end":{"line":431,"column":13}},"type":"if","locations":[{"start":{"line":428,"column":12},"end":{"line":431,"column":13}},{"start":{},"end":{}}],"line":428},"45":{"loc":{"start":{"line":436,"column":16},"end":{"line":439,"column":17}},"type":"if","locations":[{"start":{"line":436,"column":16},"end":{"line":439,"column":17}},{"start":{},"end":{}}],"line":436},"46":{"loc":{"start":{"line":436,"column":20},"end":{"line":436,"column":44}},"type":"binary-expr","locations":[{"start":{"line":436,"column":20},"end":{"line":436,"column":23}},{"start":{"line":436,"column":27},"end":{"line":436,"column":44}}],"line":436},"47":{"loc":{"start":{"line":451,"column":20},"end":{"line":454,"column":21}},"type":"if","locations":[{"start":{"line":451,"column":20},"end":{"line":454,"column":21}},{"start":{},"end":{}}],"line":451},"48":{"loc":{"start":{"line":480,"column":8},"end":{"line":484,"column":9}},"type":"if","locations":[{"start":{"line":480,"column":8},"end":{"line":484,"column":9}},{"start":{"line":482,"column":15},"end":{"line":484,"column":9}}],"line":480},"49":{"loc":{"start":{"line":493,"column":8},"end":{"line":496,"column":9}},"type":"if","locations":[{"start":{"line":493,"column":8},"end":{"line":496,"column":9}},{"start":{},"end":{}}],"line":493},"50":{"loc":{"start":{"line":508,"column":12},"end":{"line":512,"column":13}},"type":"if","locations":[{"start":{"line":508,"column":12},"end":{"line":512,"column":13}},{"start":{},"end":{}}],"line":508},"51":{"loc":{"start":{"line":523,"column":20},"end":{"line":525,"column":21}},"type":"if","locations":[{"start":{"line":523,"column":20},"end":{"line":525,"column":21}},{"start":{},"end":{}}],"line":523},"52":{"loc":{"start":{"line":537,"column":4},"end":{"line":539,"column":5}},"type":"if","locations":[{"start":{"line":537,"column":4},"end":{"line":539,"column":5}},{"start":{},"end":{}}],"line":537},"53":{"loc":{"start":{"line":542,"column":8},"end":{"line":544,"column":9}},"type":"if","locations":[{"start":{"line":542,"column":8},"end":{"line":544,"column":9}},{"start":{},"end":{}}],"line":542},"54":{"loc":{"start":{"line":549,"column":12},"end":{"line":552,"column":13}},"type":"if","locations":[{"start":{"line":549,"column":12},"end":{"line":552,"column":13}},{"start":{},"end":{}}],"line":549},"55":{"loc":{"start":{"line":557,"column":16},"end":{"line":560,"column":17}},"type":"if","locations":[{"start":{"line":557,"column":16},"end":{"line":560,"column":17}},{"start":{},"end":{}}],"line":557},"56":{"loc":{"start":{"line":557,"column":20},"end":{"line":557,"column":44}},"type":"binary-expr","locations":[{"start":{"line":557,"column":20},"end":{"line":557,"column":23}},{"start":{"line":557,"column":27},"end":{"line":557,"column":44}}],"line":557},"57":{"loc":{"start":{"line":582,"column":20},"end":{"line":585,"column":21}},"type":"if","locations":[{"start":{"line":582,"column":20},"end":{"line":585,"column":21}},{"start":{},"end":{}}],"line":582}},"s":{"0":1,"1":1,"2":1,"3":1,"4":1,"5":1,"6":1,"7":1,"8":1,"9":1,"10":1,"11":1,"12":1,"13":1,"14":1,"15":1,"16":1,"17":0,"18":0,"19":1,"20":1,"21":1,"22":1,"23":1,"24":1,"25":1,"26":0,"27":0,"28":1,"29":1,"30":0,"31":0,"32":0,"33":0,"34":0,"35":1,"36":3,"37":3,"38":1,"39":2,"40":2,"41":0,"42":0,"43":2,"44":2,"45":2,"46":2,"47":0,"48":0,"49":2,"50":1,"51":1,"52":1,"53":2,"54":2,"55":1,"56":1,"57":1,"58":0,"59":0,"60":1,"61":1,"62":1,"63":1,"64":0,"65":0,"66":1,"67":1,"68":2,"69":2,"70":1,"71":1,"72":1,"73":1,"74":1,"75":0,"76":1,"77":1,"78":1,"79":1,"80":0,"81":0,"82":0,"83":1,"84":0,"85":1,"86":3,"87":3,"88":1,"89":2,"90":2,"91":0,"92":2,"93":2,"94":2,"95":2,"96":1,"97":1,"98":1,"99":1,"100":0,"101":1,"102":1,"103":1,"104":1,"105":1,"106":3,"107":3,"108":1,"109":2,"110":2,"111":1,"112":1,"113":1,"114":1,"115":1,"116":1,"117":3,"118":3,"119":1,"120":2,"121":2,"122":0,"123":2,"124":2,"125":2,"126":1,"127":1,"128":1,"129":0,"130":1,"131":1,"132":1,"133":0,"134":0,"135":1,"136":1,"137":1,"138":1,"139":1,"140":0,"141":0,"142":0,"143":1,"144":1,"145":2,"146":2,"147":1,"148":1,"149":1,"150":0,"151":1,"152":1,"153":1,"154":0,"155":1,"156":1,"157":1,"158":1,"159":0,"160":1,"161":1,"162":2,"163":2,"164":1,"165":1,"166":1,"167":0,"168":1,"169":1,"170":1,"171":0,"172":1,"173":1,"174":0,"175":1,"176":1,"177":1,"178":1,"179":0,"180":1,"181":1,"182":3,"183":3,"184":1,"185":2,"186":2,"187":0,"188":2,"189":2,"190":2,"191":1,"192":1,"193":1,"194":0,"195":0,"196":1,"197":1,"198":1,"199":0,"200":0,"201":1,"202":1,"203":1,"204":1,"205":1,"206":0,"207":0,"208":1,"209":1,"210":0,"211":0,"212":0,"213":0,"214":0,"215":0,"216":1,"217":0,"218":0,"219":0,"220":0,"221":0,"222":0,"223":0,"224":0,"225":0,"226":0,"227":0,"228":0,"229":0,"230":0,"231":0,"232":0,"233":0,"234":0,"235":1,"236":2,"237":2,"238":1,"239":1,"240":1,"241":0,"242":1,"243":1,"244":1,"245":0,"246":0,"247":1,"248":1,"249":1,"250":0,"251":0,"252":1,"253":1,"254":1,"255":1,"256":1,"257":0,"258":0,"259":1,"260":1,"261":1},"f":{"0":1,"1":1,"2":1,"3":1,"4":0,"5":3,"6":2,"7":2,"8":2,"9":1,"10":1,"11":2,"12":1,"13":1,"14":3,"15":2,"16":2,"17":3,"18":2,"19":1,"20":3,"21":2,"22":1,"23":1,"24":1,"25":2,"26":1,"27":1,"28":1,"29":2,"30":1,"31":1,"32":1,"33":3,"34":2,"35":1,"36":1,"37":1,"38":0,"39":0,"40":0,"41":0,"42":0,"43":0,"44":0,"45":2,"46":1,"47":1,"48":1,"49":1,"50":1},"b":{"0":[0,1],"1":[0,1],"2":[0,0],"3":[1,2],"4":[0,2],"5":[0,2],"6":[1,1],"7":[1,1],"8":[0,1],"9":[0,1],"10":[1,1],"11":[2,1,1],"12":[0,1],"13":[0,1],"14":[0,0],"15":[1,2],"16":[3,2],"17":[0,2],"18":[1,1],"19":[2,2],"20":[0,1],"21":[1,2],"22":[1,1],"23":[1,2],"24":[0,2],"25":[1,1],"26":[0,1],"27":[0,1],"28":[1,1],"29":[0,1],"30":[0,0],"31":[1,1],"32":[0,1],"33":[0,1],"34":[0,1],"35":[1,1],"36":[0,1],"37":[0,1],"38":[0,1],"39":[0,1],"40":[1,2],"41":[0,2],"42":[1,1],"43":[2,2,1],"44":[0,1],"45":[0,1],"46":[1,1],"47":[0,1],"48":[0,0],"49":[0,0],"50":[0,0],"51":[0,0],"52":[1,1],"53":[0,1],"54":[0,1],"55":[0,1],"56":[1,1],"57":[0,1]},"_coverageSchema":"1a1c01bbd47fc00a2c39e90264f33305004495a9","hash":"d0a57c2a43c5bfe18b132423cd0a1f3c3580097c"}
}
