TN:
SF:backend\index.js
FN:36,(anonymous_0)
FN:48,(anonymous_1)
FN:53,(anonymous_2)
FN:54,(anonymous_3)
FN:77,(anonymous_4)
FN:90,(anonymous_5)
FN:97,(anonymous_6)
FN:111,(anonymous_7)
FN:128,(anonymous_8)
FN:135,(anonymous_9)
FN:148,(anonymous_10)
FN:162,(anonymous_11)
FN:172,(anonymous_12)
FN:179,(anonymous_13)
FN:196,(anonymous_14)
FN:203,(anonymous_15)
FN:210,(anonymous_16)
FN:235,(anonymous_17)
FN:242,(anonymous_18)
FN:252,(anonymous_19)
FN:257,(anonymous_20)
FN:264,(anonymous_21)
FN:276,(anonymous_22)
FN:285,(anonymous_23)
FN:299,(anonymous_24)
FN:316,(anonymous_25)
FN:323,(anonymous_26)
FN:330,(anonymous_27)
FN:353,(anonymous_28)
FN:366,(anonymous_29)
FN:373,(anonymous_30)
FN:385,(anonymous_31)
FN:395,(anonymous_32)
FN:408,(anonymous_33)
FN:415,(anonymous_34)
FN:427,(anonymous_35)
FN:435,(anonymous_36)
FN:448,(anonymous_37)
FN:463,(anonymous_38)
FN:479,(anonymous_39)
FN:489,(anonymous_40)
FN:492,(anonymous_41)
FN:507,(anonymous_42)
FN:514,(anonymous_43)
FN:522,(anonymous_44)
FN:534,(anonymous_45)
FN:541,(anonymous_46)
FN:548,(anonymous_47)
FN:556,(anonymous_48)
FN:579,(anonymous_49)
FN:597,(anonymous_50)
FNF:51
FNH:43
FNDA:1,(anonymous_0)
FNDA:1,(anonymous_1)
FNDA:1,(anonymous_2)
FNDA:1,(anonymous_3)
FNDA:0,(anonymous_4)
FNDA:3,(anonymous_5)
FNDA:2,(anonymous_6)
FNDA:2,(anonymous_7)
FNDA:2,(anonymous_8)
FNDA:1,(anonymous_9)
FNDA:1,(anonymous_10)
FNDA:2,(anonymous_11)
FNDA:1,(anonymous_12)
FNDA:1,(anonymous_13)
FNDA:3,(anonymous_14)
FNDA:2,(anonymous_15)
FNDA:2,(anonymous_16)
FNDA:3,(anonymous_17)
FNDA:2,(anonymous_18)
FNDA:1,(anonymous_19)
FNDA:3,(anonymous_20)
FNDA:2,(anonymous_21)
FNDA:1,(anonymous_22)
FNDA:1,(anonymous_23)
FNDA:1,(anonymous_24)
FNDA:2,(anonymous_25)
FNDA:1,(anonymous_26)
FNDA:1,(anonymous_27)
FNDA:1,(anonymous_28)
FNDA:2,(anonymous_29)
FNDA:1,(anonymous_30)
FNDA:1,(anonymous_31)
FNDA:1,(anonymous_32)
FNDA:3,(anonymous_33)
FNDA:2,(anonymous_34)
FNDA:1,(anonymous_35)
FNDA:1,(anonymous_36)
FNDA:1,(anonymous_37)
FNDA:0,(anonymous_38)
FNDA:0,(anonymous_39)
FNDA:0,(anonymous_40)
FNDA:0,(anonymous_41)
FNDA:0,(anonymous_42)
FNDA:0,(anonymous_43)
FNDA:0,(anonymous_44)
FNDA:2,(anonymous_45)
FNDA:1,(anonymous_46)
FNDA:1,(anonymous_47)
FNDA:1,(anonymous_48)
FNDA:1,(anonymous_49)
FNDA:1,(anonymous_50)
DA:1,1
DA:2,1
DA:3,1
DA:4,1
DA:5,1
DA:6,1
DA:7,1
DA:8,1
DA:10,1
DA:11,1
DA:15,1
DA:17,1
DA:24,1
DA:26,1
DA:31,1
DA:36,1
DA:37,1
DA:38,0
DA:39,0
DA:41,1
DA:42,1
DA:48,1
DA:49,1
DA:53,1
DA:54,1
DA:55,1
DA:56,0
DA:57,0
DA:60,1
DA:77,1
DA:78,0
DA:79,0
DA:80,0
DA:83,0
DA:84,0
DA:90,1
DA:91,3
DA:93,3
DA:94,1
DA:97,2
DA:98,2
DA:99,0
DA:100,0
DA:103,2
DA:111,2
DA:112,2
DA:114,2
DA:115,0
DA:116,0
DA:119,2
DA:120,1
DA:123,1
DA:128,1
DA:129,2
DA:131,2
DA:132,1
DA:135,1
DA:136,1
DA:137,0
DA:138,0
DA:141,1
DA:148,1
DA:149,1
DA:151,1
DA:152,0
DA:153,0
DA:156,1
DA:162,1
DA:163,2
DA:165,2
DA:166,1
DA:169,1
DA:170,1
DA:172,1
DA:173,1
DA:175,1
DA:179,1
DA:180,1
DA:181,1
DA:182,0
DA:183,0
DA:185,0
DA:187,1
DA:191,0
DA:196,1
DA:197,3
DA:199,3
DA:200,1
DA:203,2
DA:204,2
DA:206,2
DA:210,2
DA:211,2
DA:212,2
DA:213,1
DA:216,1
DA:217,1
DA:219,1
DA:220,0
DA:222,1
DA:223,1
DA:224,1
DA:230,1
DA:235,1
DA:236,3
DA:238,3
DA:239,1
DA:242,2
DA:243,2
DA:244,1
DA:248,1
DA:252,1
DA:253,1
DA:254,1
DA:257,1
DA:258,3
DA:260,3
DA:261,1
DA:264,2
DA:265,2
DA:266,0
DA:269,2
DA:270,2
DA:272,2
DA:273,1
DA:276,1
DA:277,1
DA:278,0
DA:282,1
DA:285,1
DA:286,1
DA:287,0
DA:288,0
DA:291,1
DA:294,1
DA:299,1
DA:300,1
DA:302,1
DA:303,0
DA:304,0
DA:306,0
DA:309,1
DA:316,1
DA:317,2
DA:319,2
DA:320,1
DA:323,1
DA:324,1
DA:325,0
DA:328,1
DA:330,1
DA:331,1
DA:332,0
DA:335,1
DA:353,1
DA:354,1
DA:356,1
DA:357,0
DA:360,1
DA:366,1
DA:367,2
DA:369,2
DA:370,1
DA:373,1
DA:374,1
DA:375,0
DA:378,1
DA:379,1
DA:381,1
DA:382,0
DA:385,1
DA:386,1
DA:387,0
DA:390,1
DA:395,1
DA:396,1
DA:398,1
DA:399,0
DA:402,1
DA:408,1
DA:409,3
DA:411,3
DA:412,1
DA:415,2
DA:416,2
DA:417,0
DA:420,2
DA:421,2
DA:423,2
DA:424,1
DA:427,1
DA:428,1
DA:429,0
DA:430,0
DA:434,1
DA:435,1
DA:436,1
DA:437,0
DA:438,0
DA:441,1
DA:444,1
DA:448,1
DA:449,1
DA:451,1
DA:452,0
DA:453,0
DA:456,1
DA:463,1
DA:464,0
DA:472,0
DA:479,0
DA:480,0
DA:481,0
DA:483,0
DA:489,1
DA:490,0
DA:492,0
DA:493,0
DA:494,0
DA:495,0
DA:498,0
DA:507,0
DA:508,0
DA:509,0
DA:510,0
DA:511,0
DA:514,0
DA:515,0
DA:521,0
DA:522,0
DA:523,0
DA:524,0
DA:529,0
DA:534,1
DA:535,2
DA:537,2
DA:538,1
DA:541,1
DA:542,1
DA:543,0
DA:546,1
DA:548,1
DA:549,1
DA:550,0
DA:551,0
DA:555,1
DA:556,1
DA:557,1
DA:558,0
DA:559,0
DA:562,1
DA:565,1
DA:579,1
DA:580,1
DA:582,1
DA:583,0
DA:584,0
DA:587,1
DA:597,1
DA:598,1
LF:260
LH:186
BRDA:37,0,0,0
BRDA:37,0,1,1
BRDA:55,1,0,0
BRDA:55,1,1,1
BRDA:78,2,0,0
BRDA:78,2,1,0
BRDA:93,3,0,1
BRDA:93,3,1,2
BRDA:98,4,0,0
BRDA:98,4,1,2
BRDA:114,5,0,0
BRDA:114,5,1,2
BRDA:119,6,0,1
BRDA:119,6,1,1
BRDA:131,7,0,1
BRDA:131,7,1,1
BRDA:136,8,0,0
BRDA:136,8,1,1
BRDA:151,9,0,0
BRDA:151,9,1,1
BRDA:165,10,0,1
BRDA:165,10,1,1
BRDA:165,11,0,2
BRDA:165,11,1,1
BRDA:165,11,2,1
BRDA:173,12,0,0
BRDA:173,12,1,1
BRDA:181,13,0,0
BRDA:181,13,1,1
BRDA:182,14,0,0
BRDA:182,14,1,0
BRDA:199,15,0,1
BRDA:199,15,1,2
BRDA:199,16,0,3
BRDA:199,16,1,2
BRDA:204,17,0,0
BRDA:204,17,1,2
BRDA:212,18,0,1
BRDA:212,18,1,1
BRDA:212,19,0,2
BRDA:212,19,1,2
BRDA:219,20,0,0
BRDA:219,20,1,1
BRDA:238,21,0,1
BRDA:238,21,1,2
BRDA:243,22,0,1
BRDA:243,22,1,1
BRDA:260,23,0,1
BRDA:260,23,1,2
BRDA:265,24,0,0
BRDA:265,24,1,2
BRDA:272,25,0,1
BRDA:272,25,1,1
BRDA:277,26,0,0
BRDA:277,26,1,1
BRDA:286,27,0,0
BRDA:286,27,1,1
BRDA:286,28,0,1
BRDA:286,28,1,1
BRDA:302,29,0,0
BRDA:302,29,1,1
BRDA:303,30,0,0
BRDA:303,30,1,0
BRDA:319,31,0,1
BRDA:319,31,1,1
BRDA:324,32,0,0
BRDA:324,32,1,1
BRDA:331,33,0,0
BRDA:331,33,1,1
BRDA:356,34,0,0
BRDA:356,34,1,1
BRDA:369,35,0,1
BRDA:369,35,1,1
BRDA:374,36,0,0
BRDA:374,36,1,1
BRDA:381,37,0,0
BRDA:381,37,1,1
BRDA:386,38,0,0
BRDA:386,38,1,1
BRDA:398,39,0,0
BRDA:398,39,1,1
BRDA:411,40,0,1
BRDA:411,40,1,2
BRDA:416,41,0,0
BRDA:416,41,1,2
BRDA:423,42,0,1
BRDA:423,42,1,1
BRDA:423,43,0,2
BRDA:423,43,1,2
BRDA:423,43,2,1
BRDA:428,44,0,0
BRDA:428,44,1,1
BRDA:436,45,0,0
BRDA:436,45,1,1
BRDA:436,46,0,1
BRDA:436,46,1,1
BRDA:451,47,0,0
BRDA:451,47,1,1
BRDA:480,48,0,0
BRDA:480,48,1,0
BRDA:493,49,0,0
BRDA:493,49,1,0
BRDA:508,50,0,0
BRDA:508,50,1,0
BRDA:523,51,0,0
BRDA:523,51,1,0
BRDA:537,52,0,1
BRDA:537,52,1,1
BRDA:542,53,0,0
BRDA:542,53,1,1
BRDA:549,54,0,0
BRDA:549,54,1,1
BRDA:557,55,0,0
BRDA:557,55,1,1
BRDA:557,56,0,1
BRDA:557,56,1,1
BRDA:582,57,0,0
BRDA:582,57,1,1
BRF:118
BRH:75
end_of_record
